#
# A fatal error has been detected by the Java Runtime Environment:
#
#  EXCEPTION_ACCESS_VIOLATION (0xc0000005) at pc=0x00007ff89137b841, pid=40240, tid=0x000000000000901c
#
# JRE version: OpenJDK Runtime Environment (8.0_372-b07) (build 1.8.0_372-b07)
# Java VM: OpenJDK 64-Bit Server VM (25.372-b07 mixed mode windows-amd64 compressed oops)
# Problematic frame:
# C  [ntdll.dll+0xab841]
#
# Failed to write core dump. Minidumps are not enabled by default on client versions of Windows
#
# If you would like to submit a bug report, please visit:
#   https://github.com/corretto/corretto-8/issues/
# The crash happened outside the Java Virtual Machine in native code.
# See problematic frame for where to report the bug.
#

---------------  T H R E A D  ---------------

Current thread (0x00000231cf527000):  JavaThread "KeyedProcess -> Flat Map (14/16)#0" [_thread_in_native, id=36892, stack(0x00000060a7900000,0x00000060a7a00000)]

siginfo: ExceptionCode=0xc0000005, reading address 0x0000000000000009

Registers:
RAX=0x00000231cded2b50, RBX=0x0000000000000001, RCX=0x00000000000007f0, RDX=0x00000231cded3350
RSP=0x00000060a79fdde0, RBP=0x00000231cded3340, RSI=0x00000231cded3350, RDI=0x0000000000000000
R8 =0x0000000082c3433d, R9 =0x0000000000000000, R10=0x0000000000000003, R11=0x0000000000000000
R12=0x0000000000000000, R13=0x00000231a8620000, R14=0x0000000000000000, R15=0x0000000000000000
RIP=0x00007ff89137b841, EFLAGS=0x0000000000010202

Top of Stack: (sp=0x00000060a79fdde0)
0x00000060a79fdde0:   00000060a79fde70 0000000000000006
0x00000060a79fddf0:   0000000000000002 00007ff86295314f
0x00000060a79fde00:   0000000000000008 00000060a79fdfc0
0x00000060a79fde10:   00000231cded334f 00000231cded32bc
0x00000060a79fde20:   00000060a79fdfc0 0000000000000001
0x00000060a79fde30:   0000000000000002 00000231a862d1a0
0x00000060a79fde40:   00000231cded32b0 0000000000000000
0x00000060a79fde50:   00000060a79fded8 00007ff86294abec
0x00000060a79fde60:   00000060a79fdfc0 00007ff8629541bf
0x00000060a79fde70:   0000000000000002 0000000000000000
0x00000060a79fde80:   0000000000000001 00000060a79fe270
0x00000060a79fde90:   00000231cded3350 00007ff89130ab01
0x00000060a79fdea0:   00000231cded3340 00000231a8620000
0x00000060a79fdeb0:   00000231a862d1a0 0000000000000000
0x00000060a79fdec0:   0000000000000000 fffffffffffffffe
0x00000060a79fded0:   00000060a79fe000 00007ff862967c78 

Instructions: (pc=0x00007ff89137b841)
0x00007ff89137b821:   00 00 48 c1 e9 0c 48 8b c5 48 2b c1 48 8b 18 48
0x00007ff89137b831:   89 5c 24 48 48 85 db 0f 84 bf 04 00 00 0f 0d 0b
0x00007ff89137b841:   4c 8b 4b 08 8b 45 0c c1 e8 08 0f b7 d0 48 8b 03
0x00007ff89137b851:   4c 89 4c 24 50 89 54 24 38 48 8b 08 4c 8b 71 18 


Register to memory mapping:

RAX=0x00000231cded2b50 is an unknown value
RBX=0x0000000000000001 is an unknown value
RCX=0x00000000000007f0 is an unknown value
RDX=0x00000231cded3350 is an unknown value
RSP=0x00000060a79fdde0 is pointing into the stack for thread: 0x00000231cf527000
RBP=0x00000231cded3340 is an unknown value
RSI=0x00000231cded3350 is an unknown value
RDI=0x0000000000000000 is an unknown value
R8 =0x0000000082c3433d is an unknown value
R9 =0x0000000000000000 is an unknown value
R10=0x0000000000000003 is an unknown value
R11=0x0000000000000000 is an unknown value
R12=0x0000000000000000 is an unknown value
R13=0x00000231a8620000 is an unknown value
R14=0x0000000000000000 is an unknown value
R15=0x0000000000000000 is an unknown value


Stack: [0x00000060a7900000,0x00000060a7a00000],  sp=0x00000060a79fdde0,  free space=1015k
Native frames: (J=compiled Java code, j=interpreted, Vv=VM code, C=native code)
C  [ntdll.dll+0xab841]
C  [ntdll.dll+0x3ab01]
C  [winncap364.dll+0x97c78]
C  [winncap364.dll+0x83eed]
C  [winncap364.dll+0x7b7ef]
C  [winncap364.dll+0x7bac5]
C  [winncap364.dll+0x7bf35]
C  [winncap364.dll+0x7c1a8]
C  [winncap364.dll+0x7c3f1]
C  [dtsframe64.dll+0xa743]
C  [dtsframe64.dll+0xf77a]
C  [dtsframe64.dll+0xf7ac]
C  [dtsframe64.dll+0xf900]
C  [dtsframe64.dll+0x10359]
C  [dtframe64.dll+0x8a6bf]
C  [net.dll+0x7a5c]
C  0x00000231a92bce8f

Java frames: (J=compiled Java code, j=interpreted, Vv=VM code)
J 7379  java.net.SocketInputStream.socketRead0(Ljava/io/FileDescriptor;[BIII)I (0 bytes) @ 0x00000231a92bcdf2 [0x00000231a92bcd80+0x72]
J 8480 C2 java.net.SocketInputStream.read([BIII)I (328 bytes) @ 0x00000231a9d5c2ac [0x00000231a9d5c0e0+0x1cc]
J 8018 C2 redis.clients.jedis.Protocol.process(Lredis/clients/util/RedisInputStream;)Ljava/lang/Object; (89 bytes) @ 0x00000231a9ca8654 [0x00000231a9ca85e0+0x74]
J 8030 C2 redis.clients.jedis.Connection.getStatusCodeReply()Ljava/lang/String; (37 bytes) @ 0x00000231a8a828b0 [0x00000231a8a82680+0x230]
J 8267 C2 org.apache.commons.pool2.impl.GenericObjectPool.borrowObject(J)Ljava/lang/Object; (417 bytes) @ 0x00000231a9ed488c [0x00000231a9ed4580+0x30c]
J 8547 C2 redis.clients.jedis.JedisPool.getResource()Lredis/clients/jedis/Jedis; (15 bytes) @ 0x00000231a9fe8ee4 [0x00000231a9fe8ea0+0x44]
J 8502 C2 org.apache.flink.streaming.runtime.tasks.StreamTask$$Lambda$729.runDefaultAction(Lorg/apache/flink/streaming/runtime/tasks/mailbox/MailboxDefaultAction$Controller;)V (9 bytes) @ 0x00000231a9fc5bd0 [0x00000231a9fc48e0+0x12f0]
j  org.apache.flink.streaming.runtime.tasks.mailbox.MailboxProcessor.runMailboxLoop()V+79
j  org.apache.flink.streaming.runtime.tasks.StreamTask.runMailboxLoop()V+4
j  org.apache.flink.streaming.runtime.tasks.StreamTask.invoke()V+20
j  org.apache.flink.runtime.taskmanager.Task.doRun()V+716
j  org.apache.flink.runtime.taskmanager.Task.run()V+1
j  java.lang.Thread.run()V+11
v  ~StubRoutines::call_stub

---------------  P R O C E S S  ---------------

Java Threads: ( => current thread )
  0x00000231d273c000 JavaThread "flink-akka.actor.default-dispatcher-93" [_thread_blocked, id=41680, stack(0x00000060a0400000,0x00000060a0500000)]
  0x00000231d2739800 JavaThread "flink-akka.actor.default-dispatcher-92" [_thread_blocked, id=38780, stack(0x000000609dc00000,0x000000609dd00000)]
  0x00000231d2740000 JavaThread "Flink-DispatcherRestEndpoint-thread-4" daemon [_thread_blocked, id=43460, stack(0x00000060a0500000,0x00000060a0600000)]
  0x00000231d2738000 JavaThread "Flink-DispatcherRestEndpoint-thread-3" daemon [_thread_blocked, id=43396, stack(0x00000060af200000,0x00000060af300000)]
  0x00000231d2736800 JavaThread "Flink-DispatcherRestEndpoint-thread-2" daemon [_thread_blocked, id=43316, stack(0x00000060a0600000,0x00000060a0700000)]
  0x00000231d0268800 JavaThread "Kafka Fetcher for Source: Custom Source -> Map -> Map (1/16)#0" daemon [_thread_blocked, id=43280, stack(0x00000060af000000,0x00000060af100000)]
  0x00000231d0268000 JavaThread "Legacy Source Thread - Source: Custom Source -> Map -> Map (1/16)#0" [_thread_blocked, id=43276, stack(0x00000060aef00000,0x00000060af000000)]
  0x00000231d0267000 JavaThread "channel-state-unspilling-thread-1" daemon [_thread_blocked, id=43272, stack(0x00000060aee00000,0x00000060aef00000)]
  0x00000231d0266000 JavaThread "channel-state-unspilling-thread-1" daemon [_thread_blocked, id=43268, stack(0x00000060aed00000,0x00000060aee00000)]
  0x00000231d0264800 JavaThread "channel-state-unspilling-thread-1" daemon [_thread_blocked, id=43264, stack(0x00000060aec00000,0x00000060aed00000)]
  0x00000231d0265800 JavaThread "channel-state-unspilling-thread-1" daemon [_thread_blocked, id=43260, stack(0x00000060aeb00000,0x00000060aec00000)]
  0x00000231d025d000 JavaThread "channel-state-unspilling-thread-1" daemon [_thread_blocked, id=43256, stack(0x00000060aea00000,0x00000060aeb00000)]
  0x00000231d0260000 JavaThread "channel-state-unspilling-thread-1" daemon [_thread_blocked, id=43252, stack(0x00000060ae900000,0x00000060aea00000)]
  0x00000231d025f000 JavaThread "channel-state-unspilling-thread-1" daemon [_thread_blocked, id=43248, stack(0x00000060ae800000,0x00000060ae900000)]
  0x00000231d025e800 JavaThread "channel-state-unspilling-thread-1" daemon [_thread_blocked, id=43244, stack(0x00000060ae700000,0x00000060ae800000)]
  0x00000231d0264000 JavaThread "channel-state-unspilling-thread-1" daemon [_thread_blocked, id=43240, stack(0x00000060ae600000,0x00000060ae700000)]
  0x00000231d025d800 JavaThread "channel-state-unspilling-thread-1" daemon [_thread_blocked, id=43236, stack(0x00000060ae500000,0x00000060ae600000)]
  0x00000231d025c000 JavaThread "channel-state-unspilling-thread-1" daemon [_thread_blocked, id=43232, stack(0x00000060ae400000,0x00000060ae500000)]
  0x00000231d0263000 JavaThread "channel-state-unspilling-thread-1" daemon [_thread_blocked, id=43228, stack(0x00000060ae300000,0x00000060ae400000)]
  0x00000231d0261800 JavaThread "channel-state-unspilling-thread-1" daemon [_thread_blocked, id=43224, stack(0x00000060ae200000,0x00000060ae300000)]
  0x00000231d0262800 JavaThread "channel-state-unspilling-thread-1" daemon [_thread_blocked, id=43220, stack(0x00000060ae100000,0x00000060ae200000)]
  0x00000231d0260800 JavaThread "channel-state-unspilling-thread-1" daemon [_thread_blocked, id=43216, stack(0x00000060ae000000,0x00000060ae100000)]
  0x00000231d0254000 JavaThread "channel-state-unspilling-thread-1" daemon [_thread_blocked, id=43212, stack(0x00000060adf00000,0x00000060ae000000)]
  0x00000231d025b000 JavaThread "channel-state-unspilling-thread-1" daemon [_thread_blocked, id=43208, stack(0x00000060ade00000,0x00000060adf00000)]
  0x00000231d0253800 JavaThread "Kafka Fetcher for Source: Custom Source -> Map -> Map (12/16)#0" daemon [_thread_blocked, id=43200, stack(0x00000060adb00000,0x00000060adc00000)]
  0x00000231d025a800 JavaThread "Kafka Fetcher for Source: Custom Source -> Map -> Map (14/16)#0" daemon [_thread_blocked, id=43196, stack(0x00000060ada00000,0x00000060adb00000)]
  0x00000231d0252800 JavaThread "Legacy Source Thread - Source: Custom Source -> Map -> Map (12/16)#0" [_thread_blocked, id=43192, stack(0x00000060ad900000,0x00000060ada00000)]
  0x00000231d0255800 JavaThread "Legacy Source Thread - Source: Custom Source -> Map -> Map (14/16)#0" [_thread_blocked, id=43188, stack(0x00000060ad800000,0x00000060ad900000)]
  0x00000231d0259800 JavaThread "channel-state-unspilling-thread-1" daemon [_thread_blocked, id=43184, stack(0x00000060ad700000,0x00000060ad800000)]
  0x00000231d0258000 JavaThread "channel-state-unspilling-thread-1" daemon [_thread_blocked, id=43180, stack(0x00000060ad600000,0x00000060ad700000)]
  0x00000231d0259000 JavaThread "Kafka Fetcher for Source: Custom Source -> Map -> Map (3/16)#0" daemon [_thread_blocked, id=43168, stack(0x00000060ad500000,0x00000060ad600000)]
  0x00000231d0257800 JavaThread "Legacy Source Thread - Source: Custom Source -> Map -> Map (3/16)#0" [_thread_blocked, id=43164, stack(0x00000060ad400000,0x00000060ad500000)]
  0x00000231d0255000 JavaThread "channel-state-unspilling-thread-1" daemon [_thread_blocked, id=43160, stack(0x00000060ad300000,0x00000060ad400000)]
  0x00000231d0256800 JavaThread "Kafka Fetcher for Source: Custom Source -> Map -> Map (4/16)#0" daemon [_thread_blocked, id=43156, stack(0x00000060ad200000,0x00000060ad300000)]
  0x00000231d024a800 JavaThread "Kafka Fetcher for Source: Custom Source -> Map -> Map (11/16)#0" daemon [_thread_blocked, id=43152, stack(0x00000060ad100000,0x00000060ad200000)]
  0x00000231d0252000 JavaThread "Kafka Fetcher for Source: Custom Source -> Map -> Map (8/16)#0" daemon [_thread_blocked, id=43148, stack(0x00000060ad000000,0x00000060ad100000)]
  0x00000231d0251000 JavaThread "Kafka Fetcher for Source: Custom Source -> Map -> Map (13/16)#0" daemon [_thread_blocked, id=43144, stack(0x00000060acf00000,0x00000060ad000000)]
  0x00000231d0250000 JavaThread "Kafka Fetcher for Source: Custom Source -> Map -> Map (5/16)#0" daemon [_thread_blocked, id=43140, stack(0x00000060ace00000,0x00000060acf00000)]
  0x00000231d024f800 JavaThread "Kafka Fetcher for Source: Custom Source -> Map -> Map (10/16)#0" daemon [_thread_blocked, id=43136, stack(0x00000060acd00000,0x00000060ace00000)]
  0x00000231d024e000 JavaThread "Kafka Fetcher for Source: Custom Source -> Map -> Map (15/16)#0" daemon [_thread_blocked, id=43132, stack(0x00000060acc00000,0x00000060acd00000)]
  0x00000231d024d000 JavaThread "Kafka Fetcher for Source: Custom Source -> Map -> Map (7/16)#0" daemon [_thread_blocked, id=43128, stack(0x00000060acb00000,0x00000060acc00000)]
  0x00000231d024c800 JavaThread "Kafka Fetcher for Source: Custom Source -> Map -> Map (16/16)#0" daemon [_thread_blocked, id=43124, stack(0x00000060aca00000,0x00000060acb00000)]
  0x00000231d024b800 JavaThread "Kafka Fetcher for Source: Custom Source -> Map -> Map (2/16)#0" daemon [_thread_blocked, id=43120, stack(0x00000060ac900000,0x00000060aca00000)]
  0x00000231d024e800 JavaThread "Kafka Fetcher for Source: Custom Source -> Map -> Map (6/16)#0" daemon [_thread_blocked, id=43116, stack(0x00000060ac800000,0x00000060ac900000)]
  0x00000231cffa1000 JavaThread "Kafka Fetcher for Source: Custom Source -> Map -> Map (9/16)#0" daemon [_thread_blocked, id=43112, stack(0x00000060ac700000,0x00000060ac800000)]
  0x00000231cffa0000 JavaThread "Legacy Source Thread - Source: Custom Source -> Map -> Map (6/16)#0" [_thread_blocked, id=43108, stack(0x00000060ac600000,0x00000060ac700000)]
  0x00000231cff9f800 JavaThread "channel-state-unspilling-thread-1" daemon [_thread_blocked, id=43104, stack(0x00000060ac500000,0x00000060ac600000)]
  0x00000231cff9e000 JavaThread "Legacy Source Thread - Source: Custom Source -> Map -> Map (7/16)#0" [_thread_blocked, id=43100, stack(0x00000060ac400000,0x00000060ac500000)]
  0x00000231cffa5000 JavaThread "Legacy Source Thread - Source: Custom Source -> Map -> Map (15/16)#0" [_thread_blocked, id=43096, stack(0x00000060ac300000,0x00000060ac400000)]
  0x00000231cffa1800 JavaThread "channel-state-unspilling-thread-1" daemon [_thread_blocked, id=43092, stack(0x00000060ac200000,0x00000060ac300000)]
  0x00000231cff9e800 JavaThread "Legacy Source Thread - Source: Custom Source -> Map -> Map (5/16)#0" [_thread_blocked, id=43088, stack(0x00000060ac100000,0x00000060ac200000)]
  0x00000231cff9d000 JavaThread "Legacy Source Thread - Source: Custom Source -> Map -> Map (2/16)#0" [_thread_blocked, id=43084, stack(0x00000060ac000000,0x00000060ac100000)]
  0x00000231cffa4000 JavaThread "channel-state-unspilling-thread-1" daemon [_thread_blocked, id=43080, stack(0x00000060abf00000,0x00000060ac000000)]
  0x00000231cffa3800 JavaThread "channel-state-unspilling-thread-1" daemon [_thread_blocked, id=43076, stack(0x00000060abe00000,0x00000060abf00000)]
  0x00000231cffa2800 JavaThread "channel-state-unspilling-thread-1" daemon [_thread_blocked, id=43072, stack(0x00000060abd00000,0x00000060abe00000)]
  0x00000231cff95000 JavaThread "Legacy Source Thread - Source: Custom Source -> Map -> Map (13/16)#0" [_thread_blocked, id=43068, stack(0x00000060abc00000,0x00000060abd00000)]
  0x00000231cff9c000 JavaThread "Legacy Source Thread - Source: Custom Source -> Map -> Map (8/16)#0" [_thread_blocked, id=43064, stack(0x00000060abb00000,0x00000060abc00000)]
  0x00000231cff9a800 JavaThread "channel-state-unspilling-thread-1" daemon [_thread_blocked, id=43060, stack(0x00000060aba00000,0x00000060abb00000)]
  0x00000231cff98800 JavaThread "Legacy Source Thread - Source: Custom Source -> Map -> Map (4/16)#0" [_thread_blocked, id=43056, stack(0x00000060ab900000,0x00000060aba00000)]
  0x00000231cff97800 JavaThread "Legacy Source Thread - Source: Custom Source -> Map -> Map (16/16)#0" [_thread_blocked, id=43052, stack(0x00000060ab800000,0x00000060ab900000)]
  0x00000231cff9a000 JavaThread "Legacy Source Thread - Source: Custom Source -> Map -> Map (9/16)#0" [_thread_blocked, id=43048, stack(0x00000060ab700000,0x00000060ab800000)]
  0x00000231cff9b800 JavaThread "Legacy Source Thread - Source: Custom Source -> Map -> Map (11/16)#0" [_thread_blocked, id=43044, stack(0x00000060ab600000,0x00000060ab700000)]
  0x00000231cff99000 JavaThread "Legacy Source Thread - Source: Custom Source -> Map -> Map (10/16)#0" [_thread_blocked, id=43040, stack(0x00000060ab500000,0x00000060ab600000)]
  0x00000231cff96800 JavaThread "channel-state-unspilling-thread-1" daemon [_thread_blocked, id=43036, stack(0x00000060ab400000,0x00000060ab500000)]
  0x00000231cff94800 JavaThread "channel-state-unspilling-thread-1" daemon [_thread_blocked, id=43032, stack(0x00000060ab300000,0x00000060ab400000)]
  0x00000231cff93000 JavaThread "channel-state-unspilling-thread-1" daemon [_thread_blocked, id=43028, stack(0x00000060ab200000,0x00000060ab300000)]
  0x00000231cff92000 JavaThread "channel-state-unspilling-thread-1" daemon [_thread_blocked, id=43024, stack(0x00000060ab100000,0x00000060ab200000)]
  0x00000231cff96000 JavaThread "channel-state-unspilling-thread-1" daemon [_thread_blocked, id=43020, stack(0x00000060ab000000,0x00000060ab100000)]
  0x00000231cff8f800 JavaThread "channel-state-unspilling-thread-1" daemon [_thread_blocked, id=43016, stack(0x00000060aaf00000,0x00000060ab000000)]
  0x00000231cff93800 JavaThread "channel-state-unspilling-thread-1" daemon [_thread_blocked, id=43012, stack(0x00000060aae00000,0x00000060aaf00000)]
  0x00000231cff91000 JavaThread "channel-state-unspilling-thread-1" daemon [_thread_blocked, id=42296, stack(0x00000060aad00000,0x00000060aae00000)]
  0x00000231cff8a000 JavaThread "channel-state-unspilling-thread-1" daemon [_thread_blocked, id=42632, stack(0x00000060aac00000,0x00000060aad00000)]
  0x00000231cff8e000 JavaThread "channel-state-unspilling-thread-1" daemon [_thread_blocked, id=39084, stack(0x00000060aab00000,0x00000060aac00000)]
  0x00000231cff8b000 JavaThread "channel-state-unspilling-thread-1" daemon [_thread_blocked, id=41440, stack(0x00000060aaa00000,0x00000060aab00000)]
  0x00000231cff8f000 JavaThread "channel-state-unspilling-thread-1" daemon [_thread_blocked, id=41332, stack(0x00000060aa900000,0x00000060aaa00000)]
  0x00000231cff86000 JavaThread "channel-state-unspilling-thread-1" daemon [_thread_blocked, id=41808, stack(0x00000060aa800000,0x00000060aa900000)]
  0x00000231cff8d800 JavaThread "channel-state-unspilling-thread-1" daemon [_thread_blocked, id=42068, stack(0x00000060aa700000,0x00000060aa800000)]
  0x00000231cff8b800 JavaThread "channel-state-unspilling-thread-1" daemon [_thread_blocked, id=40692, stack(0x00000060aa600000,0x00000060aa700000)]
  0x00000231cff88800 JavaThread "channel-state-unspilling-thread-1" daemon [_thread_blocked, id=35272, stack(0x00000060aa500000,0x00000060aa600000)]
  0x00000231cff8c800 JavaThread "channel-state-unspilling-thread-1" daemon [_thread_blocked, id=42352, stack(0x00000060aa400000,0x00000060aa500000)]
  0x00000231cff87000 JavaThread "channel-state-unspilling-thread-1" daemon [_thread_blocked, id=38900, stack(0x00000060aa300000,0x00000060aa400000)]
  0x00000231cff89800 JavaThread "channel-state-unspilling-thread-1" daemon [_thread_blocked, id=39392, stack(0x00000060aa200000,0x00000060aa300000)]
  0x00000231cff88000 JavaThread "channel-state-unspilling-thread-1" daemon [_thread_blocked, id=42012, stack(0x00000060aa100000,0x00000060aa200000)]
  0x00000231cd08c800 JavaThread "channel-state-unspilling-thread-1" daemon [_thread_blocked, id=18616, stack(0x00000060aa000000,0x00000060aa100000)]
  0x00000231cd08c000 JavaThread "channel-state-unspilling-thread-1" daemon [_thread_blocked, id=38616, stack(0x00000060a9f00000,0x00000060aa000000)]
  0x00000231cd08b000 JavaThread "BoneCP-pool-watch-thread" daemon [_thread_blocked, id=41848, stack(0x00000060a9d00000,0x00000060a9e00000)]
  0x00000231cd08e000 JavaThread "BoneCP-keep-alive-scheduler" daemon [_thread_blocked, id=41420, stack(0x00000060a9c00000,0x00000060a9d00000)]
  0x00000231cd082800 JavaThread "BoneCP-pool-watch-thread" daemon [_thread_blocked, id=38640, stack(0x00000060a9b00000,0x00000060a9c00000)]
  0x00000231cd088800 JavaThread "BoneCP-keep-alive-scheduler" daemon [_thread_blocked, id=39232, stack(0x00000060a9a00000,0x00000060a9b00000)]
  0x00000231cd089800 JavaThread "BoneCP-pool-watch-thread" daemon [_thread_blocked, id=39180, stack(0x00000060a9900000,0x00000060a9a00000)]
  0x00000231cd081000 JavaThread "BoneCP-keep-alive-scheduler" daemon [_thread_blocked, id=40336, stack(0x00000060a9800000,0x00000060a9900000)]
  0x00000231cd088000 JavaThread "BoneCP-pool-watch-thread" daemon [_thread_blocked, id=36572, stack(0x00000060a9700000,0x00000060a9800000)]
  0x00000231cd087000 JavaThread "BoneCP-keep-alive-scheduler" daemon [_thread_blocked, id=38236, stack(0x00000060a9600000,0x00000060a9700000)]
  0x00000231cd086800 JavaThread "BoneCP-pool-watch-thread" daemon [_thread_blocked, id=38100, stack(0x00000060a9500000,0x00000060a9600000)]
  0x00000231cd085800 JavaThread "BoneCP-keep-alive-scheduler" daemon [_thread_blocked, id=20268, stack(0x00000060a9400000,0x00000060a9500000)]
  0x00000231cd07f000 JavaThread "BoneCP-pool-watch-thread" daemon [_thread_blocked, id=39444, stack(0x00000060a9300000,0x00000060a9400000)]
  0x00000231cd084000 JavaThread "BoneCP-keep-alive-scheduler" daemon [_thread_blocked, id=41888, stack(0x00000060a9200000,0x00000060a9300000)]
  0x00000231cd080000 JavaThread "com.google.common.base.internal.Finalizer" daemon [_thread_blocked, id=41144, stack(0x00000060a9100000,0x00000060a9200000)]
  0x00000231cd081800 JavaThread "Abandoned connection cleanup thread" daemon [_thread_blocked, id=40004, stack(0x00000060a9000000,0x00000060a9100000)]
  0x00000231cd084800 JavaThread "KeyedProcess -> Map -> Sink: Unnamed (16/16)#0" [_thread_blocked, id=39684, stack(0x00000060a8f00000,0x00000060a9000000)]
  0x00000231cd083000 JavaThread "KeyedProcess -> Map -> Sink: Unnamed (15/16)#0" [_thread_blocked, id=40584, stack(0x00000060a8e00000,0x00000060a8f00000)]
  0x00000231cf42e800 JavaThread "KeyedProcess -> Map -> Sink: Unnamed (13/16)#0" [_thread_blocked, id=41248, stack(0x00000060a8d00000,0x00000060a8e00000)]
  0x00000231cf42d800 JavaThread "KeyedProcess -> Map -> Sink: Unnamed (14/16)#0" [_thread_blocked, id=39028, stack(0x00000060a8c00000,0x00000060a8d00000)]
  0x00000231cf42d000 JavaThread "KeyedProcess -> Map -> Sink: Unnamed (12/16)#0" [_thread_blocked, id=40624, stack(0x00000060a8b00000,0x00000060a8c00000)]
  0x00000231cf42f000 JavaThread "KeyedProcess -> Map -> Sink: Unnamed (11/16)#0" [_thread_blocked, id=41356, stack(0x00000060a8a00000,0x00000060a8b00000)]
  0x00000231cf430000 JavaThread "KeyedProcess -> Map -> Sink: Unnamed (10/16)#0" [_thread_blocked, id=41128, stack(0x00000060a8900000,0x00000060a8a00000)]
  0x00000231cf42c000 JavaThread "KeyedProcess -> Map -> Sink: Unnamed (9/16)#0" [_thread_blocked, id=14088, stack(0x00000060a8800000,0x00000060a8900000)]
  0x00000231cf42b800 JavaThread "KeyedProcess -> Map -> Sink: Unnamed (8/16)#0" [_thread_blocked, id=40308, stack(0x00000060a8700000,0x00000060a8800000)]
  0x00000231cf423800 JavaThread "KeyedProcess -> Map -> Sink: Unnamed (7/16)#0" [_thread_blocked, id=38504, stack(0x00000060a8600000,0x00000060a8700000)]
  0x00000231cf424000 JavaThread "KeyedProcess -> Map -> Sink: Unnamed (6/16)#0" [_thread_blocked, id=2448, stack(0x00000060a8500000,0x00000060a8600000)]
  0x00000231cf428000 JavaThread "KeyedProcess -> Map -> Sink: Unnamed (5/16)#0" [_thread_blocked, id=34516, stack(0x00000060a8400000,0x00000060a8500000)]
  0x00000231cf42a800 JavaThread "KeyedProcess -> Map -> Sink: Unnamed (4/16)#0" [_thread_blocked, id=41956, stack(0x00000060a8300000,0x00000060a8400000)]
  0x00000231cf426000 JavaThread "KeyedProcess -> Map -> Sink: Unnamed (3/16)#0" [_thread_blocked, id=40880, stack(0x00000060a8200000,0x00000060a8300000)]
  0x00000231cf429800 JavaThread "KeyedProcess -> Map -> Sink: Unnamed (2/16)#0" [_thread_blocked, id=41208, stack(0x00000060a8100000,0x00000060a8200000)]
  0x00000231cf427800 JavaThread "OutputFlusher for KeyedProcess -> Flat Map" daemon [_thread_blocked, id=30256, stack(0x00000060a8000000,0x00000060a8100000)]
  0x00000231cf429000 JavaThread "OutputFlusher for KeyedProcess -> Flat Map" daemon [_thread_blocked, id=5968, stack(0x00000060a7f00000,0x00000060a8000000)]
  0x00000231cf421000 JavaThread "KeyedProcess -> Map -> Sink: Unnamed (1/16)#0" [_thread_blocked, id=38084, stack(0x00000060a7e00000,0x00000060a7f00000)]
  0x00000231cf422800 JavaThread "KeyedProcess -> Flat Map (16/16)#0" [_thread_blocked, id=41912, stack(0x00000060a7d00000,0x00000060a7e00000)]
  0x00000231cf425000 JavaThread "OutputFlusher for KeyedProcess -> Flat Map" daemon [_thread_blocked, id=41740, stack(0x00000060a7c00000,0x00000060a7d00000)]
  0x00000231cf422000 JavaThread "OutputFlusher for KeyedProcess -> Flat Map" daemon [_thread_blocked, id=41536, stack(0x00000060a7b00000,0x00000060a7c00000)]
  0x00000231cf426800 JavaThread "KeyedProcess -> Flat Map (15/16)#0" [_thread_blocked, id=39032, stack(0x00000060a7a00000,0x00000060a7b00000)]
=>0x00000231cf527000 JavaThread "KeyedProcess -> Flat Map (14/16)#0" [_thread_in_native, id=36892, stack(0x00000060a7900000,0x00000060a7a00000)]
  0x00000231cf526800 JavaThread "KeyedProcess -> Flat Map (13/16)#0" [_thread_in_native, id=27280, stack(0x00000060a7800000,0x00000060a7900000)]
  0x00000231cf525800 JavaThread "OutputFlusher for KeyedProcess -> Flat Map" daemon [_thread_blocked, id=40592, stack(0x00000060a7700000,0x00000060a7800000)]
  0x00000231cf51e800 JavaThread "OutputFlusher for KeyedProcess -> Flat Map" daemon [_thread_blocked, id=39904, stack(0x00000060a7600000,0x00000060a7700000)]
  0x00000231cf525000 JavaThread "OutputFlusher for KeyedProcess -> Flat Map" daemon [_thread_blocked, id=40276, stack(0x00000060a7500000,0x00000060a7600000)]
  0x00000231cf51e000 JavaThread "KeyedProcess -> Flat Map (12/16)#0" [_thread_blocked, id=24556, stack(0x00000060a7400000,0x00000060a7500000)]
  0x00000231cf521000 JavaThread "KeyedProcess -> Flat Map (11/16)#0" [_thread_blocked, id=40104, stack(0x00000060a7300000,0x00000060a7400000)]
  0x00000231cf524000 JavaThread "KeyedProcess -> Flat Map (10/16)#0" [_thread_blocked, id=39944, stack(0x00000060a7200000,0x00000060a7300000)]
  0x00000231cf520000 JavaThread "OutputFlusher for KeyedProcess -> Flat Map" daemon [_thread_blocked, id=28788, stack(0x00000060a7100000,0x00000060a7200000)]
  0x00000231cf523800 JavaThread "OutputFlusher for KeyedProcess -> Flat Map" daemon [_thread_blocked, id=17420, stack(0x00000060a7000000,0x00000060a7100000)]
  0x00000231cf522800 JavaThread "OutputFlusher for KeyedProcess -> Flat Map" daemon [_thread_blocked, id=40020, stack(0x00000060a6f00000,0x00000060a7000000)]
  0x00000231cf51f800 JavaThread "KeyedProcess -> Flat Map (9/16)#0" [_thread_in_native, id=40444, stack(0x00000060a6e00000,0x00000060a6f00000)]
  0x00000231cf51b800 JavaThread "KeyedProcess -> Flat Map (6/16)#0" [_thread_in_native, id=30184, stack(0x00000060a6d00000,0x00000060a6e00000)]
  0x00000231cf521800 JavaThread "OutputFlusher for KeyedProcess -> Flat Map" daemon [_thread_blocked, id=20940, stack(0x00000060a6c00000,0x00000060a6d00000)]
  0x00000231cf518800 JavaThread "KeyedProcess -> Flat Map (8/16)#0" [_thread_blocked, id=40344, stack(0x00000060a6b00000,0x00000060a6c00000)]
  0x00000231cf51c000 JavaThread "OutputFlusher for KeyedProcess -> Flat Map" daemon [_thread_blocked, id=8384, stack(0x00000060a6a00000,0x00000060a6b00000)]
  0x00000231cf51a000 JavaThread "KeyedProcess -> Flat Map (7/16)#0" [_thread_blocked, id=16376, stack(0x00000060a6900000,0x00000060a6a00000)]
  0x00000231cf519000 JavaThread "OutputFlusher for KeyedProcess -> Flat Map" daemon [_thread_blocked, id=37184, stack(0x00000060a6800000,0x00000060a6900000)]
  0x00000231cf51d000 JavaThread "OutputFlusher for KeyedProcess -> Flat Map" daemon [_thread_blocked, id=12144, stack(0x00000060a6700000,0x00000060a6800000)]
  0x00000231cf51a800 JavaThread "OutputFlusher for KeyedProcess -> Flat Map" daemon [_thread_blocked, id=40888, stack(0x00000060a6600000,0x00000060a6700000)]
  0x00000231ccebe000 JavaThread "OutputFlusher for KeyedProcess -> Flat Map" daemon [_thread_blocked, id=38704, stack(0x00000060a6500000,0x00000060a6600000)]
  0x00000231ccebf800 JavaThread "KeyedProcess -> Flat Map (5/16)#0" [_thread_blocked, id=16556, stack(0x00000060a6400000,0x00000060a6500000)]
  0x00000231ccebc800 JavaThread "KeyedProcess -> Flat Map (4/16)#0" [_thread_blocked, id=39264, stack(0x00000060a6300000,0x00000060a6400000)]
  0x00000231ccec0800 JavaThread "KeyedProcess -> Flat Map (3/16)#0" [_thread_in_native, id=12988, stack(0x00000060a6200000,0x00000060a6300000)]
  0x00000231ccebc000 JavaThread "KeyedProcess -> Flat Map (2/16)#0" [_thread_blocked, id=36924, stack(0x00000060a6100000,0x00000060a6200000)]
  0x00000231ccebd800 JavaThread "KeyedProcess -> Flat Map (1/16)#0" [_thread_blocked, id=14364, stack(0x00000060a6000000,0x00000060a6100000)]
  0x00000231cceb4000 JavaThread "OutputFlusher for Source: Custom Source -> Map -> Map" daemon [_thread_blocked, id=40160, stack(0x00000060a5f00000,0x00000060a6000000)]
  0x00000231ccebb000 JavaThread "Source: Custom Source -> Map -> Map (16/16)#0" [_thread_blocked, id=40876, stack(0x00000060a5e00000,0x00000060a5f00000)]
  0x00000231cceb3000 JavaThread "OutputFlusher for Source: Custom Source -> Map -> Map" daemon [_thread_blocked, id=41328, stack(0x00000060a5d00000,0x00000060a5e00000)]
  0x00000231cceba000 JavaThread "Source: Custom Source -> Map -> Map (15/16)#0" [_thread_blocked, id=37096, stack(0x00000060a5c00000,0x00000060a5d00000)]
  0x00000231cceb2800 JavaThread "OutputFlusher for Source: Custom Source -> Map -> Map" daemon [_thread_blocked, id=41900, stack(0x00000060a5b00000,0x00000060a5c00000)]
  0x00000231cceb4800 JavaThread "OutputFlusher for Source: Custom Source -> Map -> Map" daemon [_thread_blocked, id=29088, stack(0x00000060a5a00000,0x00000060a5b00000)]
  0x00000231cceb5800 JavaThread "Source: Custom Source -> Map -> Map (14/16)#0" [_thread_blocked, id=37880, stack(0x00000060a5900000,0x00000060a5a00000)]
  0x00000231cceb9800 JavaThread "Source: Custom Source -> Map -> Map (13/16)#0" [_thread_blocked, id=6116, stack(0x00000060a5800000,0x00000060a5900000)]
  0x00000231cceb1800 JavaThread "OutputFlusher for Source: Custom Source -> Map -> Map" daemon [_thread_blocked, id=41936, stack(0x00000060a5700000,0x00000060a5800000)]
  0x00000231cceb8800 JavaThread "Source: Custom Source -> Map -> Map (12/16)#0" [_thread_blocked, id=41292, stack(0x00000060a5600000,0x00000060a5700000)]
  0x00000231cceb8000 JavaThread "OutputFlusher for Source: Custom Source -> Map -> Map" daemon [_thread_blocked, id=42252, stack(0x00000060a5500000,0x00000060a5600000)]
  0x00000231cceb7000 JavaThread "OutputFlusher for Source: Custom Source -> Map -> Map" daemon [_thread_blocked, id=39248, stack(0x00000060a5400000,0x00000060a5500000)]
  0x00000231cceb6800 JavaThread "Source: Custom Source -> Map -> Map (11/16)#0" [_thread_blocked, id=26960, stack(0x00000060a5300000,0x00000060a5400000)]
  0x00000231cef7b800 JavaThread "OutputFlusher for Source: Custom Source -> Map -> Map" daemon [_thread_blocked, id=41512, stack(0x00000060a5200000,0x00000060a5300000)]
  0x00000231cef7f000 JavaThread "Source: Custom Source -> Map -> Map (10/16)#0" [_thread_blocked, id=39104, stack(0x00000060a5100000,0x00000060a5200000)]
  0x00000231cef7c800 JavaThread "OutputFlusher for Source: Custom Source -> Map -> Map" daemon [_thread_blocked, id=42332, stack(0x00000060a5000000,0x00000060a5100000)]
  0x00000231cef7d800 JavaThread "Source: Custom Source -> Map -> Map (9/16)#0" [_thread_blocked, id=38940, stack(0x00000060a4f00000,0x00000060a5000000)]
  0x00000231cef7e000 JavaThread "OutputFlusher for Source: Custom Source -> Map -> Map" daemon [_thread_blocked, id=42336, stack(0x00000060a4e00000,0x00000060a4f00000)]
  0x00000231cef81000 JavaThread "Source: Custom Source -> Map -> Map (8/16)#0" [_thread_blocked, id=40712, stack(0x00000060a4d00000,0x00000060a4e00000)]
  0x00000231cef80800 JavaThread "Source: Custom Source -> Map -> Map (7/16)#0" [_thread_blocked, id=37732, stack(0x00000060a4c00000,0x00000060a4d00000)]
  0x00000231cef7f800 JavaThread "OutputFlusher for Source: Custom Source -> Map -> Map" daemon [_thread_blocked, id=39316, stack(0x00000060a4b00000,0x00000060a4c00000)]
  0x00000231cef7b000 JavaThread "OutputFlusher for Source: Custom Source -> Map -> Map" daemon [_thread_blocked, id=40968, stack(0x00000060a4a00000,0x00000060a4b00000)]
  0x00000231cef73000 JavaThread "Source: Custom Source -> Map -> Map (6/16)#0" [_thread_blocked, id=9620, stack(0x00000060a4900000,0x00000060a4a00000)]
  0x00000231cef78000 JavaThread "OutputFlusher for Source: Custom Source -> Map -> Map" daemon [_thread_blocked, id=38068, stack(0x00000060a4800000,0x00000060a4900000)]
  0x00000231cef77000 JavaThread "OutputFlusher for Source: Custom Source -> Map -> Map" daemon [_thread_blocked, id=41556, stack(0x00000060a4700000,0x00000060a4800000)]
  0x00000231cef7a000 JavaThread "OutputFlusher for Source: Custom Source -> Map -> Map" daemon [_thread_blocked, id=16812, stack(0x00000060a4600000,0x00000060a4700000)]
  0x00000231cef76000 JavaThread "OutputFlusher for Source: Custom Source -> Map -> Map" daemon [_thread_blocked, id=41692, stack(0x00000060a4500000,0x00000060a4600000)]
  0x00000231cef75800 JavaThread "Source: Custom Source -> Map -> Map (5/16)#0" [_thread_blocked, id=42300, stack(0x00000060a4400000,0x00000060a4500000)]
  0x00000231cef79800 JavaThread "Source: Custom Source -> Map -> Map (4/16)#0" [_thread_blocked, id=35824, stack(0x00000060a4300000,0x00000060a4400000)]
  0x00000231cef74800 JavaThread "flink-file-cache-thread-1" daemon [_thread_blocked, id=40568, stack(0x00000060a4200000,0x00000060a4300000)]
  0x00000231cef72800 JavaThread "Source: Custom Source -> Map -> Map (3/16)#0" [_thread_blocked, id=22852, stack(0x00000060a4100000,0x00000060a4200000)]
  0x00000231cef78800 JavaThread "Source: Custom Source -> Map -> Map (2/16)#0" [_thread_blocked, id=42444, stack(0x00000060a4000000,0x00000060a4100000)]
  0x00000231cef74000 JavaThread "CloseableReaperThread" daemon [_thread_blocked, id=41468, stack(0x00000060a3f00000,0x00000060a4000000)]
  0x00000231ce29b800 JavaThread "Source: Custom Source -> Map -> Map (1/16)#0" [_thread_blocked, id=6712, stack(0x00000060a3e00000,0x00000060a3f00000)]
  0x00000231ce29f000 JavaThread "Flink-MetricRegistry-thread-1" daemon [_thread_blocked, id=22428, stack(0x00000060a3d00000,0x00000060a3e00000)]
  0x00000231ce2a2000 JavaThread "jobmanager-future-thread-16" daemon [_thread_blocked, id=37320, stack(0x00000060a3c00000,0x00000060a3d00000)]
  0x00000231ce2a0800 JavaThread "jobmanager-future-thread-15" daemon [_thread_blocked, id=37768, stack(0x00000060a3b00000,0x00000060a3c00000)]
  0x00000231ce29f800 JavaThread "jobmanager-future-thread-14" daemon [_thread_blocked, id=42736, stack(0x00000060a3a00000,0x00000060a3b00000)]
  0x00000231ce29e000 JavaThread "jobmanager-future-thread-13" daemon [_thread_blocked, id=8960, stack(0x00000060a3900000,0x00000060a3a00000)]
  0x00000231ce2a1000 JavaThread "jobmanager-future-thread-12" daemon [_thread_blocked, id=1396, stack(0x00000060a3800000,0x00000060a3900000)]
  0x00000231ce29d800 JavaThread "jobmanager-future-thread-11" daemon [_thread_blocked, id=16076, stack(0x00000060a3700000,0x00000060a3800000)]
  0x00000231ce29c800 JavaThread "jobmanager-future-thread-10" daemon [_thread_blocked, id=16924, stack(0x00000060a3600000,0x00000060a3700000)]
  0x00000231ce294000 JavaThread "jobmanager-future-thread-9" daemon [_thread_blocked, id=13776, stack(0x00000060a3500000,0x00000060a3600000)]
  0x00000231ce29b000 JavaThread "jobmanager-future-thread-8" daemon [_thread_blocked, id=40228, stack(0x00000060a3400000,0x00000060a3500000)]
  0x00000231ce293000 JavaThread "jobmanager-future-thread-7" daemon [_thread_blocked, id=30348, stack(0x00000060a3300000,0x00000060a3400000)]
  0x00000231ce295800 JavaThread "jobmanager-future-thread-6" daemon [_thread_blocked, id=41880, stack(0x00000060a3200000,0x00000060a3300000)]
  0x00000231ce29a000 JavaThread "jobmanager-future-thread-5" daemon [_thread_blocked, id=42160, stack(0x00000060a3100000,0x00000060a3200000)]
  0x00000231ce297000 JavaThread "jobmanager-future-thread-4" daemon [_thread_blocked, id=18780, stack(0x00000060a3000000,0x00000060a3100000)]
  0x00000231ce294800 JavaThread "mini-cluster-io-thread-18" daemon [_thread_blocked, id=42316, stack(0x00000060a2f00000,0x00000060a3000000)]
  0x00000231ce296000 JavaThread "pool-1-thread-1" [_thread_blocked, id=42524, stack(0x00000060a2e00000,0x00000060a2f00000)]
  0x00000231ce298800 JavaThread "jobmanager-future-thread-3" daemon [_thread_blocked, id=42220, stack(0x00000060a2d00000,0x00000060a2e00000)]
  0x00000231ce298000 JavaThread "mini-cluster-io-thread-17" daemon [_thread_blocked, id=42208, stack(0x00000060a2c00000,0x00000060a2d00000)]
  0x00000231ce292800 JavaThread "mini-cluster-io-thread-16" daemon [_thread_blocked, id=15140, stack(0x00000060a2b00000,0x00000060a2c00000)]
  0x00000231ce299800 JavaThread "jobmanager-future-thread-2" daemon [_thread_blocked, id=37176, stack(0x00000060a2a00000,0x00000060a2b00000)]
  0x00000231cd655800 JavaThread "mini-cluster-io-thread-15" daemon [_thread_blocked, id=37360, stack(0x00000060a2900000,0x00000060a2a00000)]
  0x00000231cd658000 JavaThread "mini-cluster-io-thread-14" daemon [_thread_blocked, id=41308, stack(0x00000060a2600000,0x00000060a2700000)]
  0x00000231cd657000 JavaThread "mini-cluster-io-thread-13" daemon [_thread_blocked, id=39008, stack(0x00000060a2800000,0x00000060a2900000)]
  0x00000231cd656800 JavaThread "mini-cluster-io-thread-12" daemon [_thread_blocked, id=38660, stack(0x00000060a2700000,0x00000060a2800000)]
  0x00000231cd652800 JavaThread "mini-cluster-io-thread-11" daemon [_thread_blocked, id=42032, stack(0x00000060a2000000,0x00000060a2100000)]
  0x00000231cd64d800 JavaThread "mini-cluster-io-thread-10" daemon [_thread_blocked, id=42364, stack(0x00000060a1f00000,0x00000060a2000000)]
  0x00000231cd64a800 JavaThread "jobmanager-future-thread-1" daemon [_thread_blocked, id=42360, stack(0x00000060a1e00000,0x00000060a1f00000)]
  0x00000231cd651800 JavaThread "mini-cluster-io-thread-9" daemon [_thread_blocked, id=28568, stack(0x00000060a1d00000,0x00000060a1e00000)]
  0x00000231cd64a000 JavaThread "mini-cluster-io-thread-8" daemon [_thread_blocked, id=40556, stack(0x00000060a1c00000,0x00000060a1d00000)]
  0x00000231cd651000 JavaThread "mini-cluster-io-thread-7" daemon [_thread_blocked, id=42020, stack(0x00000060a1b00000,0x00000060a1c00000)]
  0x00000231cd64f800 JavaThread "mini-cluster-io-thread-6" daemon [_thread_blocked, id=14260, stack(0x00000060a1a00000,0x00000060a1b00000)]
  0x00000231cd64e800 JavaThread "mini-cluster-io-thread-5" daemon [_thread_blocked, id=42856, stack(0x00000060a1900000,0x00000060a1a00000)]
  0x00000231cd650000 JavaThread "mini-cluster-io-thread-4" daemon [_thread_blocked, id=37848, stack(0x00000060a1800000,0x00000060a1900000)]
  0x00000231cd64b800 JavaThread "mini-cluster-io-thread-3" daemon [_thread_blocked, id=15680, stack(0x00000060a1700000,0x00000060a1800000)]
  0x00000231cd64d000 JavaThread "mini-cluster-io-thread-2" daemon [_thread_blocked, id=40696, stack(0x00000060a1600000,0x00000060a1700000)]
  0x00000231c7259000 JavaThread "Flink-DispatcherRestEndpoint-thread-1" daemon [_thread_blocked, id=37688, stack(0x00000060a1500000,0x00000060a1600000)]
  0x00000231c725c000 JavaThread "mini-cluster-io-thread-1" daemon [_thread_blocked, id=42116, stack(0x00000060a1400000,0x00000060a1500000)]
  0x00000231c7257800 JavaThread "flink-rest-server-netty-boss-thread-1" daemon [_thread_in_native, id=40824, stack(0x00000060a1300000,0x00000060a1400000)]
  0x00000231c725b800 JavaThread "IOManager reader thread #1" daemon [_thread_blocked, id=41744, stack(0x00000060a1200000,0x00000060a1300000)]
  0x00000231c7259800 JavaThread "IOManager writer thread #1" daemon [_thread_blocked, id=42476, stack(0x00000060a1100000,0x00000060a1200000)]
  0x00000231c725a800 JavaThread "Timer-2" daemon [_thread_blocked, id=39808, stack(0x00000060a1000000,0x00000060a1100000)]
  0x00000231c7256800 JavaThread "Timer-1" daemon [_thread_blocked, id=41852, stack(0x00000060a0f00000,0x00000060a1000000)]
  0x00000231c7258000 JavaThread "BLOB Server listener at 62511" daemon [_thread_in_native, id=41712, stack(0x00000060a0e00000,0x00000060a0f00000)]
  0x00000231c724e800 JavaThread "Timer-0" daemon [_thread_blocked, id=41220, stack(0x00000060a0d00000,0x00000060a0e00000)]
  0x00000231c7251000 JavaThread "flink-metrics-scheduler-1" [_thread_blocked, id=39876, stack(0x00000060a0900000,0x00000060a0a00000)]
  0x00000231c7252000 JavaThread "flink-scheduler-1" [_thread_blocked, id=24156, stack(0x00000060a0300000,0x00000060a0400000)]
  0x00000231c4c0c800 JavaThread "Service Thread" daemon [_thread_blocked, id=41504, stack(0x00000060a0100000,0x00000060a0200000)]
  0x00000231c4c0f000 JavaThread "C1 CompilerThread11" daemon [_thread_blocked, id=39732, stack(0x00000060a0000000,0x00000060a0100000)]
  0x00000231c4c11000 JavaThread "C1 CompilerThread10" daemon [_thread_blocked, id=41892, stack(0x000000609ff00000,0x00000060a0000000)]
  0x00000231c4c0e000 JavaThread "C1 CompilerThread9" daemon [_thread_blocked, id=6436, stack(0x000000609fe00000,0x000000609ff00000)]
  0x00000231c4c0b800 JavaThread "C1 CompilerThread8" daemon [_thread_blocked, id=7016, stack(0x000000609fd00000,0x000000609fe00000)]
  0x00000231c4c12000 JavaThread "C2 CompilerThread7" daemon [_thread_blocked, id=41952, stack(0x000000609fc00000,0x000000609fd00000)]
  0x00000231c4c13000 JavaThread "C2 CompilerThread6" daemon [_thread_blocked, id=37620, stack(0x000000609fb00000,0x000000609fc00000)]
  0x00000231c4c10800 JavaThread "C2 CompilerThread5" daemon [_thread_blocked, id=37368, stack(0x000000609fa00000,0x000000609fb00000)]
  0x00000231c4c26800 JavaThread "C2 CompilerThread4" daemon [_thread_blocked, id=34176, stack(0x000000609f900000,0x000000609fa00000)]
  0x00000231c4c21800 JavaThread "C2 CompilerThread3" daemon [_thread_blocked, id=40972, stack(0x000000609f800000,0x000000609f900000)]
  0x00000231c4c1e800 JavaThread "C2 CompilerThread2" daemon [_thread_blocked, id=29384, stack(0x000000609f700000,0x000000609f800000)]
  0x00000231c4be2000 JavaThread "C2 CompilerThread1" daemon [_thread_blocked, id=40572, stack(0x000000609f600000,0x000000609f700000)]
  0x00000231c4be1000 JavaThread "C2 CompilerThread0" daemon [_thread_blocked, id=42456, stack(0x000000609f500000,0x000000609f600000)]
  0x00000231c4c0f800 JavaThread "Monitor Ctrl-Break" daemon [_thread_in_native, id=40024, stack(0x000000609f400000,0x000000609f500000)]
  0x00000231c387c000 JavaThread "Attach Listener" daemon [_thread_blocked, id=42452, stack(0x000000609f300000,0x000000609f400000)]
  0x00000231c387b000 JavaThread "Signal Dispatcher" daemon [_thread_blocked, id=37772, stack(0x000000609f200000,0x000000609f300000)]
  0x00000231c37f2800 JavaThread "Finalizer" daemon [_thread_blocked, id=14460, stack(0x000000609f100000,0x000000609f200000)]
  0x00000231c37f2000 JavaThread "Reference Handler" daemon [_thread_blocked, id=42888, stack(0x000000609f000000,0x000000609f100000)]
  0x00000231a63eb000 JavaThread "main" [_thread_blocked, id=42304, stack(0x000000609e100000,0x000000609e200000)]

Other Threads:
  0x00000231a648e800 VMThread [stack: 0x000000609ef00000,0x000000609f000000] [id=42868]
  0x00000231c4d18800 WatcherThread [stack: 0x00000060a0200000,0x00000060a0300000] [id=40100]

VM state:not at safepoint (normal execution)

VM Mutex/Monitor currently owned by a thread: None

heap address: 0x00000006c4a00000, size: 4022 MB, Compressed Oops mode: Zero based, Oop shift amount: 3
Narrow klass base: 0x0000000000000000, Narrow klass shift: 3
Compressed class space size: 1073741824 Address: 0x00000007c0000000

Heap:
 PSYoungGen      total 1147392K, used 812334K [0x000000076c380000, 0x00000007c0000000, 0x00000007c0000000)
  eden space 927744K, 71% used [0x000000076c380000,0x0000000794d3b1c8,0x00000007a4d80000)
  from space 219648K, 66% used [0x00000007b2300000,0x00000007bb2906b0,0x00000007bf980000)
  to   space 218624K, 0% used [0x00000007a4d80000,0x00000007a4d80000,0x00000007b2300000)
 ParOldGen       total 454656K, used 298964K [0x00000006c4a00000, 0x00000006e0600000, 0x000000076c380000)
  object space 454656K, 65% used [0x00000006c4a00000,0x00000006d6df53b8,0x00000006e0600000)
 Metaspace       used 61361K, capacity 65162K, committed 66816K, reserved 1107968K
  class space    used 8032K, capacity 8616K, committed 8960K, reserved 1048576K

Card table byte_map: [0x00000231b7b50000,0x00000231b8330000] byte_map_base: 0x00000231b452b000

Marking Bits: (ParMarkBitMap*) 0x00000000715b6850
 Begin Bits: [0x00000231b8870000, 0x00000231bc748000)
 End Bits:   [0x00000231bc748000, 0x00000231c0620000)

Polling page: 0x00000231a8630000

CodeCache: size=245760Kb used=26070Kb max_used=26667Kb free=219689Kb
 bounds [0x00000231a8790000, 0x00000231aa200000, 0x00000231b7790000]
 total_blobs=8466 nmethods=7730 adapters=645
 compilation: enabled

Compilation events (10 events):
Event: 444.520 Thread 0x00000231c4c0e000 nmethod 9812 0x00000231a8ab43d0 code [0x00000231a8ab4540, 0x00000231a8ab4750]
Event: 444.521 Thread 0x00000231c4c12000 nmethod 9813 0x00000231a8a87bd0 code [0x00000231a8a87d60, 0x00000231a8a87f68]
Event: 444.545 Thread 0x00000231c4c0f000 9814       1       org.apache.flink.shaded.netty4.io.netty.buffer.AbstractReferenceCountedByteBuf::access$000 (4 bytes)
Event: 444.546 Thread 0x00000231c4c0f000 nmethod 9814 0x00000231a9fe9190 code [0x00000231a9fe92e0, 0x00000231a9fe93d8]
Event: 445.026 Thread 0x00000231c4c1e800 9815       4       java.util.concurrent.atomic.AtomicIntegerFieldUpdater$AtomicIntegerFieldUpdaterImpl::accessCheck (17 bytes)
Event: 445.027 Thread 0x00000231c4c1e800 nmethod 9815 0x00000231a8df35d0 code [0x00000231a8df3720, 0x00000231a8df3838]
Event: 448.265 Thread 0x00000231c4c0b800 9816   !   3       java.util.concurrent.ConcurrentHashMap::replaceNode (416 bytes)
Event: 448.266 Thread 0x00000231c4c0b800 nmethod 9816 0x00000231a90c9e50 code [0x00000231a90ca140, 0x00000231a90cbd10]
Event: 450.851 Thread 0x00000231c4c10800 9817       4       org.apache.flink.runtime.io.network.buffer.NetworkBuffer::retainBuffer (8 bytes)
Event: 450.851 Thread 0x00000231c4c10800 nmethod 9817 0x00000231a8b5ccd0 code [0x00000231a8b5ce20, 0x00000231a8b5ceb8]

GC Heap History (10 events):
Event: 383.931 GC heap before
{Heap before GC invocations=44 (full 4):
 PSYoungGen      total 1069568K, used 1069249K [0x000000076c380000, 0x00000007c0000000, 0x00000007c0000000)
  eden space 926208K, 100% used [0x000000076c380000,0x00000007a4c00000,0x00000007a4c00000)
  from space 143360K, 99% used [0x00000007a4c00000,0x00000007ad7b0690,0x00000007ad800000)
  to   space 224256K, 0% used [0x00000007b2500000,0x00000007b2500000,0x00000007c0000000)
 ParOldGen       total 454656K, used 298124K [0x00000006c4a00000, 0x00000006e0600000, 0x000000076c380000)
  object space 454656K, 65% used [0x00000006c4a00000,0x00000006d6d23328,0x00000006e0600000)
 Metaspace       used 61339K, capacity 65162K, committed 66816K, reserved 1107968K
  class space    used 8031K, capacity 8616K, committed 8960K, reserved 1048576K
Event: 383.962 GC heap after
Heap after GC invocations=44 (full 4):
 PSYoungGen      total 1147392K, used 144817K [0x000000076c380000, 0x00000007c0000000, 0x00000007c0000000)
  eden space 923136K, 0% used [0x000000076c380000,0x000000076c380000,0x00000007a4900000)
  from space 224256K, 64% used [0x00000007b2500000,0x00000007bb26c6b0,0x00000007c0000000)
  to   space 224768K, 0% used [0x00000007a4900000,0x00000007a4900000,0x00000007b2480000)
 ParOldGen       total 454656K, used 298124K [0x00000006c4a00000, 0x00000006e0600000, 0x000000076c380000)
  object space 454656K, 65% used [0x00000006c4a00000,0x00000006d6d23328,0x00000006e0600000)
 Metaspace       used 61339K, capacity 65162K, committed 66816K, reserved 1107968K
  class space    used 8031K, capacity 8616K, committed 8960K, reserved 1048576K
}
Event: 398.255 GC heap before
{Heap before GC invocations=45 (full 4):
 PSYoungGen      total 1147392K, used 1067953K [0x000000076c380000, 0x00000007c0000000, 0x00000007c0000000)
  eden space 923136K, 100% used [0x000000076c380000,0x00000007a4900000,0x00000007a4900000)
  from space 224256K, 64% used [0x00000007b2500000,0x00000007bb26c6b0,0x00000007c0000000)
  to   space 224768K, 0% used [0x00000007a4900000,0x00000007a4900000,0x00000007b2480000)
 ParOldGen       total 454656K, used 298124K [0x00000006c4a00000, 0x00000006e0600000, 0x000000076c380000)
  object space 454656K, 65% used [0x00000006c4a00000,0x00000006d6d23328,0x00000006e0600000)
 Metaspace       used 61342K, capacity 65162K, committed 66816K, reserved 1107968K
  class space    used 8032K, capacity 8616K, committed 8960K, reserved 1048576K
Event: 398.285 GC heap after
Heap after GC invocations=45 (full 4):
 PSYoungGen      total 1064960K, used 141537K [0x000000076c380000, 0x00000007bfe80000, 0x00000007c0000000)
  eden space 923136K, 0% used [0x000000076c380000,0x000000076c380000,0x00000007a4900000)
  from space 141824K, 99% used [0x00000007a4900000,0x00000007ad338630,0x00000007ad380000)
  to   space 223744K, 0% used [0x00000007b2400000,0x00000007b2400000,0x00000007bfe80000)
 ParOldGen       total 454656K, used 298124K [0x00000006c4a00000, 0x00000006e0600000, 0x000000076c380000)
  object space 454656K, 65% used [0x00000006c4a00000,0x00000006d6d23328,0x00000006e0600000)
 Metaspace       used 61342K, capacity 65162K, committed 66816K, reserved 1107968K
  class space    used 8032K, capacity 8616K, committed 8960K, reserved 1048576K
}
Event: 412.423 GC heap before
{Heap before GC invocations=46 (full 4):
 PSYoungGen      total 1064960K, used 1064673K [0x000000076c380000, 0x00000007bfe80000, 0x00000007c0000000)
  eden space 923136K, 100% used [0x000000076c380000,0x00000007a4900000,0x00000007a4900000)
  from space 141824K, 99% used [0x00000007a4900000,0x00000007ad338630,0x00000007ad380000)
  to   space 223744K, 0% used [0x00000007b2400000,0x00000007b2400000,0x00000007bfe80000)
 ParOldGen       total 454656K, used 298124K [0x00000006c4a00000, 0x00000006e0600000, 0x000000076c380000)
  object space 454656K, 65% used [0x00000006c4a00000,0x00000006d6d23328,0x00000006e0600000)
 Metaspace       used 61343K, capacity 65162K, committed 66816K, reserved 1107968K
  class space    used 8032K, capacity 8616K, committed 8960K, reserved 1048576K
Event: 412.454 GC heap after
Heap after GC invocations=46 (full 4):
 PSYoungGen      total 1148928K, used 142769K [0x000000076c380000, 0x00000007c0000000, 0x00000007c0000000)
  eden space 925184K, 0% used [0x000000076c380000,0x000000076c380000,0x00000007a4b00000)
  from space 223744K, 63% used [0x00000007b2400000,0x00000007baf6c630,0x00000007bfe80000)
  to   space 222208K, 0% used [0x00000007a4b00000,0x00000007a4b00000,0x00000007b2400000)
 ParOldGen       total 454656K, used 298332K [0x00000006c4a00000, 0x00000006e0600000, 0x000000076c380000)
  object space 454656K, 65% used [0x00000006c4a00000,0x00000006d6d57328,0x00000006e0600000)
 Metaspace       used 61343K, capacity 65162K, committed 66816K, reserved 1107968K
  class space    used 8032K, capacity 8616K, committed 8960K, reserved 1048576K
}
Event: 424.901 GC heap before
{Heap before GC invocations=47 (full 4):
 PSYoungGen      total 1148928K, used 1067953K [0x000000076c380000, 0x00000007c0000000, 0x00000007c0000000)
  eden space 925184K, 100% used [0x000000076c380000,0x00000007a4b00000,0x00000007a4b00000)
  from space 223744K, 63% used [0x00000007b2400000,0x00000007baf6c630,0x00000007bfe80000)
  to   space 222208K, 0% used [0x00000007a4b00000,0x00000007a4b00000,0x00000007b2400000)
 ParOldGen       total 454656K, used 298332K [0x00000006c4a00000, 0x00000006e0600000, 0x000000076c380000)
  object space 454656K, 65% used [0x00000006c4a00000,0x00000006d6d57328,0x00000006e0600000)
 Metaspace       used 61345K, capacity 65162K, committed 66816K, reserved 1107968K
  class space    used 8032K, capacity 8616K, committed 8960K, reserved 1048576K
Event: 424.930 GC heap after
Heap after GC invocations=47 (full 4):
 PSYoungGen      total 1067008K, used 141601K [0x000000076c380000, 0x00000007bf980000, 0x00000007c0000000)
  eden space 925184K, 0% used [0x000000076c380000,0x000000076c380000,0x00000007a4b00000)
  from space 141824K, 99% used [0x00000007a4b00000,0x00000007ad5486a0,0x00000007ad580000)
  to   space 219648K, 0% used [0x00000007b2300000,0x00000007b2300000,0x00000007bf980000)
 ParOldGen       total 454656K, used 298556K [0x00000006c4a00000, 0x00000006e0600000, 0x000000076c380000)
  object space 454656K, 65% used [0x00000006c4a00000,0x00000006d6d8f328,0x00000006e0600000)
 Metaspace       used 61345K, capacity 65162K, committed 66816K, reserved 1107968K
  class space    used 8032K, capacity 8616K, committed 8960K, reserved 1048576K
}
Event: 439.955 GC heap before
{Heap before GC invocations=48 (full 4):
 PSYoungGen      total 1067008K, used 1066785K [0x000000076c380000, 0x00000007bf980000, 0x00000007c0000000)
  eden space 925184K, 100% used [0x000000076c380000,0x00000007a4b00000,0x00000007a4b00000)
  from space 141824K, 99% used [0x00000007a4b00000,0x00000007ad5486a0,0x00000007ad580000)
  to   space 219648K, 0% used [0x00000007b2300000,0x00000007b2300000,0x00000007bf980000)
 ParOldGen       total 454656K, used 298556K [0x00000006c4a00000, 0x00000006e0600000, 0x000000076c380000)
  object space 454656K, 65% used [0x00000006c4a00000,0x00000006d6d8f328,0x00000006e0600000)
 Metaspace       used 61355K, capacity 65162K, committed 66816K, reserved 1107968K
  class space    used 8032K, capacity 8616K, committed 8960K, reserved 1048576K
Event: 439.986 GC heap after
Heap after GC invocations=48 (full 4):
 PSYoungGen      total 1147392K, used 147009K [0x000000076c380000, 0x00000007c0000000, 0x00000007c0000000)
  eden space 927744K, 0% used [0x000000076c380000,0x000000076c380000,0x00000007a4d80000)
  from space 219648K, 66% used [0x00000007b2300000,0x00000007bb2906b0,0x00000007bf980000)
  to   space 218624K, 0% used [0x00000007a4d80000,0x00000007a4d80000,0x00000007b2300000)
 ParOldGen       total 454656K, used 298964K [0x00000006c4a00000, 0x00000006e0600000, 0x000000076c380000)
  object space 454656K, 65% used [0x00000006c4a00000,0x00000006d6df53b8,0x00000006e0600000)
 Metaspace       used 61355K, capacity 65162K, committed 66816K, reserved 1107968K
  class space    used 8032K, capacity 8616K, committed 8960K, reserved 1048576K
}

Deoptimization events (10 events):
Event: 243.656 Thread 0x00000231d273d800 Uncommon trap: reason=array_check action=maybe_recompile pc=0x00000231a9f21408 method=java.io.ObjectInputStream.readArray(Z)Ljava/lang/Object; @ 419
Event: 243.656 Thread 0x00000231d273d800 Uncommon trap: reason=array_check action=maybe_recompile pc=0x00000231a9f21408 method=java.io.ObjectInputStream.readArray(Z)Ljava/lang/Object; @ 419
Event: 272.382 Thread 0x00000231d0268000 Uncommon trap: reason=unstable_if action=reinterpret pc=0x00000231a8b5d030 method=org.apache.flink.runtime.io.network.buffer.LocalBufferPool.checkAvailability()Z @ 38
Event: 272.382 Thread 0x00000231d0268000 Uncommon trap: reason=unstable_if action=reinterpret pc=0x00000231a94ff850 method=org.apache.flink.runtime.io.network.buffer.LocalBufferPool.checkConsistentAvailability()V @ 38
Event: 272.382 Thread 0x00000231d0268000 Uncommon trap: reason=unstable_if action=reinterpret pc=0x00000231a9f5d4e0 method=org.apache.flink.runtime.io.network.buffer.LocalBufferPool.checkAvailability()Z @ 38
Event: 322.781 Thread 0x00000231cffa5000 Uncommon trap: reason=unstable_if action=reinterpret pc=0x00000231a97743e0 method=java.util.GregorianCalendar.computeFields(II)I @ 199
Event: 371.821 Thread 0x00000231cffa5000 Uncommon trap: reason=unstable_if action=reinterpret pc=0x00000231aa07ea8c method=org.apache.flink.runtime.io.network.buffer.LocalBufferPool.requestMemorySegment(I)Lorg/apache/flink/core/memory/MemorySegment; @ 39
Event: 420.752 Thread 0x00000231ccebc800 Uncommon trap: reason=unstable_if action=reinterpret pc=0x00000231a9be1558 method=org.apache.flink.runtime.io.network.partition.PipelinedSubpartition.isDataAvailableUnsafe()Z @ 42
Event: 442.770 Thread 0x00000231cf524000 Uncommon trap: reason=unstable_if action=reinterpret pc=0x00000231a9097ac0 method=java.util.concurrent.ConcurrentHashMap.replaceNode(Ljava/lang/Object;Ljava/lang/Object;Ljava/lang/Object;)Ljava/lang/Object; @ 99
Event: 450.849 Thread 0x00000231cf426800 Uncommon trap: reason=unstable_if action=reinterpret pc=0x00000231a9bd3ba4 method=org.apache.flink.runtime.io.network.partition.PipelinedSubpartition.isDataAvailableUnsafe()Z @ 42

Classes redefined (0 events):
No events

Internal exceptions (10 events):
Event: 13.322 Thread 0x00000231c724d000 Exception <a 'java/lang/NoSuchMethodError': <clinit>> (0x000000076dfd88e0) thrown at [C:\wsjdk\Corretto8Src\installers\windows\zip\corretto-build\buildRoot\hotspot\src\share\vm\prims\jni.cpp, line 1614]
Event: 27.027 Thread 0x00000231cf429800 Exception <a 'java/lang/NoSuchMethodError': java.lang.Object.$anonfun$sorted$1$adapted([Ljava/lang/Object;Lscala/runtime/IntRef;Ljava/lang/Object;)Ljava/lang/Object;> (0x000000077b0fa038) thrown at [C:\wsjdk\Corretto8Src\installers\windows\zip\corretto-bu
Event: 27.079 Thread 0x00000231cf429800 Exception <a 'java/lang/NoSuchMethodError': java.lang.Object.$anonfun$addString$1(Lscala/collection/mutable/StringBuilder;Ljava/lang/String;Lscala/runtime/BooleanRef;Ljava/lang/Object;)Ljava/lang/Object;> (0x000000077b38da08) thrown at [C:\wsjdk\Corretto8
Event: 27.080 Thread 0x00000231cf429800 Implicit null exception at 0x00000231a9b5c00b to 0x00000231a9b5c141
Event: 27.099 Thread 0x00000231cf429800 Implicit null exception at 0x00000231a9ed1bf0 to 0x00000231a9ed1c46
Event: 80.049 Thread 0x00000231cf51f800 Exception <a 'java/lang/NoSuchMethodError': java.lang.Object.$anonfun$last$1$adapted(Lscala/runtime/ObjectRef;Ljava/lang/Object;)Ljava/lang/Object;> (0x000000076e1e24b0) thrown at [C:\wsjdk\Corretto8Src\installers\windows\zip\corretto-build\buildRoot\hots
Event: 82.785 Thread 0x00000231cf421000 Implicit null exception at 0x00000231a9e8730f to 0x00000231a9e8887d
Event: 133.782 Thread 0x00000231cd084800 Implicit null exception at 0x00000231a9c061ef to 0x00000231a9c06925
Event: 135.320 Thread 0x00000231cd083000 Implicit null exception at 0x00000231a8d32a30 to 0x00000231a8d33305
Event: 385.378 Thread 0x00000231cf421000 Exception <a 'java/net/SocketTimeoutException': Read timed out> (0x000000077141bec8) thrown at [C:\wsjdk\Corretto8Src\installers\windows\zip\corretto-build\buildRoot\hotspot\src\share\vm\prims\jni.cpp, line 736]

Events (10 events):
Event: 448.266 Thread 0x00000231c4c0b800 flushing nmethod 0x00000231a93b2410
Event: 448.266 Thread 0x00000231c4c0b800 flushing nmethod 0x00000231a93b3e10
Event: 448.266 Thread 0x00000231c4c0b800 flushing nmethod 0x00000231a93ea650
Event: 449.993 Executing VM operation: RevokeBias
Event: 449.993 Executing VM operation: RevokeBias done
Event: 449.993 Thread 0x00000231d273a800 Thread exited: 0x00000231d273a800
Event: 450.849 Thread 0x00000231cf426800 Uncommon trap: trap_request=0xffffff65 fr.pc=0x00000231a9bd3ba4
Event: 450.849 Thread 0x00000231cf426800 DEOPT PACKING pc=0x00000231a9bd3ba4 sp=0x00000060a7afeba0
Event: 450.849 Thread 0x00000231cf426800 DEOPT UNPACKING pc=0x00000231a87d5583 sp=0x00000060a7afe928 mode 2
Event: 450.852 Thread 0x00000231c4c10800 flushing nmethod 0x00000231a94ff150


Dynamic libraries:
0x00007ff605d10000 - 0x00007ff605d4a000 	E:\jdk1.8\bin\java.exe
0x00007ff8912d0000 - 0x00007ff8914e4000 	C:\WINDOWS\SYSTEM32\ntdll.dll
0x00007ff88f690000 - 0x00007ff88f752000 	C:\WINDOWS\System32\KERNEL32.DLL
0x00007ff88eb50000 - 0x00007ff88eef3000 	C:\WINDOWS\System32\KERNELBASE.dll
0x00007ff890d40000 - 0x00007ff890dee000 	C:\WINDOWS\System32\ADVAPI32.dll
0x00007ff88f5e0000 - 0x00007ff88f687000 	C:\WINDOWS\System32\msvcrt.dll
0x00007ff88f230000 - 0x00007ff88f2d4000 	C:\WINDOWS\System32\sechost.dll
0x00007ff8668e0000 - 0x00007ff8669e9000 	C:\WINDOWS\SYSTEM32\winhafnt64.dll
0x00007ff88fd90000 - 0x00007ff88fea7000 	C:\WINDOWS\System32\RPCRT4.dll
0x00007ff890df0000 - 0x00007ff890f9b000 	C:\WINDOWS\System32\USER32.dll
0x00007ff88f090000 - 0x00007ff88f0b6000 	C:\WINDOWS\System32\win32u.dll
0x00007ff88f2f0000 - 0x00007ff88f319000 	C:\WINDOWS\System32\GDI32.dll
0x00007ff88e800000 - 0x00007ff88e918000 	C:\WINDOWS\System32\gdi32full.dll
0x00007ff88ef80000 - 0x00007ff88f01a000 	C:\WINDOWS\System32\msvcp_win.dll
0x00007ff88e6e0000 - 0x00007ff88e7f1000 	C:\WINDOWS\System32\ucrtbase.dll
0x00007ff88ac30000 - 0x00007ff88ac3a000 	C:\WINDOWS\SYSTEM32\VERSION.dll
0x00007ff85ef20000 - 0x00007ff85f1ae000 	C:\WINDOWS\WinSxS\amd64_microsoft.windows.common-controls_6595b64144ccf1df_6.0.22621.1465_none_271271ab738361f1\COMCTL32.dll
0x00007ff88fbf0000 - 0x00007ff88fc21000 	C:\WINDOWS\System32\IMM32.DLL
0x00007ff865020000 - 0x00007ff8656b2000 	C:\WINDOWS\SYSTEM32\winhadnt64.dll
0x00007ff890460000 - 0x00007ff8904be000 	C:\WINDOWS\System32\SHLWAPI.dll
0x00007ff8904c0000 - 0x00007ff890cba000 	C:\WINDOWS\System32\SHELL32.dll
0x00007ff871750000 - 0x00007ff87176e000 	C:\WINDOWS\SYSTEM32\MPR.dll
0x00007ff890fc0000 - 0x00007ff89115c000 	C:\WINDOWS\System32\ole32.dll
0x00007ff890070000 - 0x00007ff8903f9000 	C:\WINDOWS\System32\combase.dll
0x00007ff88fc30000 - 0x00007ff88fd07000 	C:\WINDOWS\System32\OLEAUT32.dll
0x00007ff890cc0000 - 0x00007ff890d31000 	C:\WINDOWS\System32\WS2_32.dll
0x00007ff882d50000 - 0x00007ff882d84000 	C:\WINDOWS\SYSTEM32\WINMM.dll
0x00007ff88ef00000 - 0x00007ff88ef7b000 	C:\WINDOWS\System32\bcryptPrimitives.dll
0x00007ff865a50000 - 0x00007ff865c81000 	C:\WINDOWS\SYSTEM32\dtframe64.dll
0x00007ff86d220000 - 0x00007ff86d252000 	C:\WINDOWS\SYSTEM32\TIjtDrvd64.dll
0x00007ff87c0e0000 - 0x00007ff87c17a000 	C:\WINDOWS\SYSTEM32\winspool.drv
0x00007ff86ab20000 - 0x00007ff86ac43000 	C:\WINDOWS\SYSTEM32\dtsframe64.dll
0x00007ff88dc90000 - 0x00007ff88dcf9000 	C:\WINDOWS\SYSTEM32\mswsock.dll
0x00007ff88fbe0000 - 0x00007ff88fbe8000 	C:\WINDOWS\System32\psapi.dll
0x00007ff88a990000 - 0x00007ff88a99c000 	C:\WINDOWS\SYSTEM32\WinUsb.dll
0x00007ff88f760000 - 0x00007ff88fbd4000 	C:\WINDOWS\System32\setupapi.dll
0x00007ff86b260000 - 0x00007ff86b378000 	C:\WINDOWS\SYSTEM32\TMailHook64.dll
0x00007ff8628d0000 - 0x00007ff862adb000 	C:\WINDOWS\SYSTEM32\winncap364.dll
0x00007ff863f90000 - 0x00007ff86407f000 	E:\jdk1.8\jre\bin\msvcr120.dll
0x00007ff85a400000 - 0x00007ff85a4a6000 	E:\jdk1.8\jre\bin\msvcp120.dll
0x0000000070dc0000 - 0x0000000071635000 	E:\jdk1.8\jre\bin\server\jvm.dll
0x00007ff889b30000 - 0x00007ff889b39000 	C:\WINDOWS\SYSTEM32\WSOCK32.dll
0x00007ff8828a0000 - 0x00007ff8828af000 	E:\jdk1.8\jre\bin\verify.dll
0x00007ff881150000 - 0x00007ff881179000 	E:\jdk1.8\jre\bin\java.dll
0x00007ff8828d0000 - 0x00007ff8828fa000 	E:\jdk1.8\jre\bin\instrument.dll
0x00007ff882880000 - 0x00007ff882896000 	E:\jdk1.8\jre\bin\zip.dll
0x00007ff88c6b0000 - 0x00007ff88cf7e000 	C:\WINDOWS\SYSTEM32\windows.storage.dll
0x00007ff88c520000 - 0x00007ff88c65e000 	C:\WINDOWS\SYSTEM32\wintypes.dll
0x00007ff88f370000 - 0x00007ff88f461000 	C:\WINDOWS\System32\SHCORE.dll
0x00007ff88e610000 - 0x00007ff88e631000 	C:\WINDOWS\SYSTEM32\profapi.dll
0x00007ff882830000 - 0x00007ff88284a000 	E:\software\InteliJ\bin\breakgen64.dll
0x00007ff882680000 - 0x00007ff88269a000 	E:\jdk1.8\jre\bin\net.dll
0x00007ff88d180000 - 0x00007ff88d1ad000 	C:\WINDOWS\SYSTEM32\iphlpapi.dll
0x00007ff88f2e0000 - 0x00007ff88f2e9000 	C:\WINDOWS\System32\NSI.dll
0x00007ff889470000 - 0x00007ff88948f000 	C:\WINDOWS\SYSTEM32\dhcpcsvc.DLL
0x00007ff88def0000 - 0x00007ff88df0b000 	C:\WINDOWS\SYSTEM32\CRYPTSP.dll
0x00007ff88d790000 - 0x00007ff88d7c5000 	C:\WINDOWS\system32\rsaenh.dll
0x00007ff88dd90000 - 0x00007ff88ddb8000 	C:\WINDOWS\SYSTEM32\USERENV.dll
0x00007ff88e0b0000 - 0x00007ff88e0d8000 	C:\WINDOWS\SYSTEM32\bcrypt.dll
0x00007ff88df10000 - 0x00007ff88df1c000 	C:\WINDOWS\SYSTEM32\CRYPTBASE.dll
0x00007ff889490000 - 0x00007ff8894a9000 	C:\WINDOWS\SYSTEM32\dhcpcsvc6.DLL
0x00007ff88d1b0000 - 0x00007ff88d2a3000 	C:\WINDOWS\SYSTEM32\DNSAPI.dll
0x00007ff881130000 - 0x00007ff881142000 	E:\jdk1.8\jre\bin\nio.dll
0x00007ff889cf0000 - 0x00007ff889cfd000 	E:\jdk1.8\jre\bin\management.dll
0x00007ff86c8d0000 - 0x00007ff86c8e7000 	C:\WINDOWS\system32\napinsp.dll
0x00007ff86cba0000 - 0x00007ff86cbbb000 	C:\WINDOWS\system32\pnrpnsp.dll
0x00007ff86d0b0000 - 0x00007ff86d0c1000 	C:\WINDOWS\System32\winrnr.dll
0x00007ff886730000 - 0x00007ff886745000 	C:\WINDOWS\system32\wshbth.dll
0x00007ff86c190000 - 0x00007ff86c1b1000 	C:\WINDOWS\system32\nlansp_c.dll
0x00007ff885940000 - 0x00007ff88594a000 	C:\Windows\System32\rasadhlp.dll
0x00007ff889b80000 - 0x00007ff889c04000 	C:\WINDOWS\System32\fwpuclnt.dll
0x00007ff88bde0000 - 0x00007ff88c00e000 	C:\WINDOWS\SYSTEM32\dbghelp.dll

VM Arguments:
jvm_args: -javaagent:E:\software\InteliJ\lib\idea_rt.jar=62506:E:\software\InteliJ\bin -Dfile.encoding=UTF-8 
java_command: AlarmStart --config_path F:\chuneng\battery_alarm\test.properties
java_class_path (initial): E:\jdk1.8\jre\lib\charsets.jar;E:\jdk1.8\jre\lib\ext\access-bridge-64.jar;E:\jdk1.8\jre\lib\ext\cldrdata.jar;E:\jdk1.8\jre\lib\ext\dnsns.jar;E:\jdk1.8\jre\lib\ext\jaccess.jar;E:\jdk1.8\jre\lib\ext\jfxrt.jar;E:\jdk1.8\jre\lib\ext\localedata.jar;E:\jdk1.8\jre\lib\ext\nashorn.jar;E:\jdk1.8\jre\lib\ext\sunec.jar;E:\jdk1.8\jre\lib\ext\sunjce_provider.jar;E:\jdk1.8\jre\lib\ext\sunmscapi.jar;E:\jdk1.8\jre\lib\ext\sunpkcs11.jar;E:\jdk1.8\jre\lib\ext\zipfs.jar;E:\jdk1.8\jre\lib\jce.jar;E:\jdk1.8\jre\lib\jfr.jar;E:\jdk1.8\jre\lib\jfxswt.jar;E:\jdk1.8\jre\lib\jsse.jar;E:\jdk1.8\jre\lib\management-agent.jar;E:\jdk1.8\jre\lib\resources.jar;E:\jdk1.8\jre\lib\rt.jar;F:\chuneng\battery_alarm\flink-factory\target\classes;F:\chuneng\battery_alarm\flink-common\target\classes;C:\Users\2022051705\.m2\repository\org\apache\flink\flink-streaming-scala_2.12\1.12.1\flink-streaming-scala_2.12-1.12.1.jar;C:\Users\2022051705\.m2\repository\org\apache\flink\flink-streaming-java_2.12\1.12.1\flink-streaming-java_2.12-1.12.1.jar;C:\Users\2022051705\.m2\repository\org\apache\flink\flink-file-sink-common\1.12.1\flink-file-sink-common-1.12.1.jar;C:\Users\2022051705\.m2\repository\org\apache\flink\flink-shaded-guava\18.0-12.0\flink-shaded-guava-18.0-12.0.jar;C:\Users\2022051705\.m2\repository\org\apache\commons\commons-math3\3.5\commons-math3-3.5.jar;C:\Users\2022051705\.m2\repository\org\apache\flink\flink-scala_2.12\1.12.1\flink-scala_2.12-1.12.1.jar;C:\Users\2022051705\.m2\repository\org\apache\flink\flink-shaded-asm-7\7.1-12.0\flink-shaded-asm-7-7.1-12.0.jar;C:\Users\2022051705\.m2\repository\org\scala-lang\scala-reflect\2.12.7\scala-reflect-2.12.7.jar;C:\Users\2022051705\.m2\repository\org\scala-lang\scala-library\2.12.7\scala-library-2.12.7.jar;C:\Users\2022051705\.m2\repository\org\scala-lang\scala-compiler\2.12.7\scala-compiler-2.12.7.jar;C:\Users\2022051705\.m2\repository\org\scala-lang\modules\scala-xml_2.12\1.0.6\scala-xml_2.12-1.0.6.jar;C:\Users\2022051705\.m2\
Launcher Type: SUN_STANDARD

Environment Variables:
PATH=C:\WINDOWS\system32;C:\WINDOWS;C:\WINDOWS\System32\Wbem;C:\WINDOWS\System32\WindowsPowerShell\v1.0\;C:\WINDOWS\System32\OpenSSH\;C:\Program Files\Git\cmd;E:\hadoop-2.7.1\bin;C:\Users\2022051705\AppData\Local\Microsoft\WindowsApps;;C:\Users\2022051705\AppData\Local\Programs\Microsoft VS Code\bin
USERNAME=2022051705
OS=Windows_NT
PROCESSOR_IDENTIFIER=Intel64 Family 6 Model 167 Stepping 1, GenuineIntel



---------------  S Y S T E M  ---------------

OS: Windows 11 , 64 bit Build 22621 (10.0.22621.1680)

CPU:total 16 (initial active 16) (8 cores per cpu, 2 threads per core) family 6 model 167 stepping 1, cmov, cx8, fxsr, mmx, sse, sse2, sse3, ssse3, sse4.1, sse4.2, popcnt, avx, avx2, aes, clmul, erms, 3dnowpref, lzcnt, ht, tsc, tscinvbit, bmi1, bmi2, adx

Memory: 4k page, physical 16466244k(777172k free), swap 33773392k(4585172k free)

vm_info: OpenJDK 64-Bit Server VM (25.372-b07) for windows-amd64 JRE (1.8.0_372-b07), built on Apr 17 2023 22:43:30 by "Administrator" with MS VC++ 12.0 (VS2013)

time: Thu Jul 20 08:38:55 2023
timezone: 
elapsed time: 451.103641 seconds (0d 0h 7m 31s)

